  
    ************ Error Message List *************
  
    PW     --- Pathway                           
    Code   --- Error Type + Error Code           
    L#     --- The Line Number Where Error Occurs
    ModNam --- Module Name In Which Error Occurs 
    Hints  --- Hints For The Possible Solution   
    *********************************************
  
PW CODE    L#      MODNAM                       ERROR MESSAGES                      HINTS
-- ---- ------- ------------- -------------------------------------------------- ------------
  
CO W362       8       COCARD: Multiyear 1h NO2/SO2 processing not applicable for     3-hr Ave
ME W186      28       MEOPEN: THRESH_1MIN 1-min ASOS wind speed threshold used           0.50
ME W187      28       MEOPEN: ADJ_U* Option for Stable Low Winds used in AERMET              
MX W492       1       METEXT: SURFDATA YR .NE. 1st YR of file, adj to match file StartYR 2112
MX I440       2       CHKCLM: Calm Hour Identified in Meteorology Data File at     2112010102
MX I440       5       CHKCLM: Calm Hour Identified in Meteorology Data File at     2112010105
MX I440       9       CHKCLM: Calm Hour Identified in Meteorology Data File at     2112010109
MX I440      26       CHKCLM: Calm Hour Identified in Meteorology Data File at     2112010202
MX I440      27       CHKCLM: Calm Hour Identified in Meteorology Data File at     2112010203
MX I440      74       CHKCLM: Calm Hour Identified in Meteorology Data File at     2112010402
MX I440      95       CHKCLM: Calm Hour Identified in Meteorology Data File at     2112010423
MX I440     215       CHKCLM: Calm Hour Identified in Meteorology Data File at     2112010923
MX I460     223  SET_METDATA: Missing Hour Identified in Meteor. Data File at      2112011007
MX I440     242       CHKCLM: Calm Hour Identified in Meteorology Data File at     2112011102
MX I440     243       CHKCLM: Calm Hour Identified in Meteorology Data File at     2112011103
MX I460     353  SET_METDATA: Missing Hour Identified in Meteor. Data File at      2112011517
MX I440     364       CHKCLM: Calm Hour Identified in Meteorology Data File at     2112011604
MX I440     383       CHKCLM: Calm Hour Identified in Meteorology Data File at     2112011623
MX I440     385       CHKCLM: Calm Hour Identified in Meteorology Data File at     2112011701
MX I440     386       CHKCLM: Calm Hour Identified in Meteorology Data File at     2112011702
MX I440     390       CHKCLM: Calm Hour Identified in Meteorology Data File at     2112011706
MX I440     436       CHKCLM: Calm Hour Identified in Meteorology Data File at     2112011904
MX I440     439       CHKCLM: Calm Hour Identified in Meteorology Data File at     2112011907
MX I440     440       CHKCLM: Calm Hour Identified in Meteorology Data File at     2112011908
MX I440     452       CHKCLM: Calm Hour Identified in Meteorology Data File at     2112011920
MX I440     454       CHKCLM: Calm Hour Identified in Meteorology Data File at     2112011922
MX I440     460       CHKCLM: Calm Hour Identified in Meteorology Data File at     2112012004
MX I440     506       CHKCLM: Calm Hour Identified in Meteorology Data File at     2112012202
MX I440     507       CHKCLM: Calm Hour Identified in Meteorology Data File at     2112012203
MX I440     508       CHKCLM: Calm Hour Identified in Meteorology Data File at     2112012204
MX I440     527       CHKCLM: Calm Hour Identified in Meteorology Data File at     2112012223
MX I440     557       CHKCLM: Calm Hour Identified in Meteorology Data File at     2112012405
MX I440     694       CHKCLM: Calm Hour Identified in Meteorology Data File at     2112012922
MX I440     702       CHKCLM: Calm Hour Identified in Meteorology Data File at     2112013006
MX I440     958       CHKCLM: Calm Hour Identified in Meteorology Data File at     2112020922
MX I440     965       CHKCLM: Calm Hour Identified in Meteorology Data File at     2112021005
MX I440    1016       CHKCLM: Calm Hour Identified in Meteorology Data File at     2112021208
MX I440    1081       CHKCLM: Calm Hour Identified in Meteorology Data File at     2112021501
MX I440    1084       CHKCLM: Calm Hour Identified in Meteorology Data File at     2112021504
MX I460    1158  SET_METDATA: Missing Hour Identified in Meteor. Data File at      2112021806
MX I440    1159       CHKCLM: Calm Hour Identified in Meteorology Data File at     2112021807
MX I440    1250       CHKCLM: Calm Hour Identified in Meteorology Data File at     2112022202
MX I440    1251       CHKCLM: Calm Hour Identified in Meteorology Data File at     2112022203
MX I440    1399       CHKCLM: Calm Hour Identified in Meteorology Data File at     2112022807
MX I460    1401  SET_METDATA: Missing Hour Identified in Meteor. Data File at      2112022809
MX I440    1402       CHKCLM: Calm Hour Identified in Meteorology Data File at     2112022810
MX I440    1415       CHKCLM: Calm Hour Identified in Meteorology Data File at     2112022823
MX I440    1420       CHKCLM: Calm Hour Identified in Meteorology Data File at     2112022904
MX I440    1510       CHKCLM: Calm Hour Identified in Meteorology Data File at     2112030322
MX I440    1540       CHKCLM: Calm Hour Identified in Meteorology Data File at     2112030504
MX I440    1541       CHKCLM: Calm Hour Identified in Meteorology Data File at     2112030505
MX I440    1542       CHKCLM: Calm Hour Identified in Meteorology Data File at     2112030506
MX I440    1580       CHKCLM: Calm Hour Identified in Meteorology Data File at     2112030620
MX I440    1584       CHKCLM: Calm Hour Identified in Meteorology Data File at     2112030624
MX I440    1611       CHKCLM: Calm Hour Identified in Meteorology Data File at     2112030803
MX I440    1612       CHKCLM: Calm Hour Identified in Meteorology Data File at     2112030804
MX I440    1613       CHKCLM: Calm Hour Identified in Meteorology Data File at     2112030805
MX I440    1614       CHKCLM: Calm Hour Identified in Meteorology Data File at     2112030806
MX I440    1615       CHKCLM: Calm Hour Identified in Meteorology Data File at     2112030807
MX I440    1617       CHKCLM: Calm Hour Identified in Meteorology Data File at     2112030809
MX I460    1621  SET_METDATA: Missing Hour Identified in Meteor. Data File at      2112030813
MX I460    1622  SET_METDATA: Missing Hour Identified in Meteor. Data File at      2112030814
MX I440    1629       CHKCLM: Calm Hour Identified in Meteorology Data File at     2112030821
MX I440    1630       CHKCLM: Calm Hour Identified in Meteorology Data File at     2112030822
MX I460    2127  SET_METDATA: Missing Hour Identified in Meteor. Data File at      2112032915
MX I440    2133       CHKCLM: Calm Hour Identified in Meteorology Data File at     2112032921
MX I460    2339  SET_METDATA: Missing Hour Identified in Meteor. Data File at      2112040711
MX I440    2376       CHKCLM: Calm Hour Identified in Meteorology Data File at     2112040824
MX I460    2935  SET_METDATA: Missing Hour Identified in Meteor. Data File at      2112050207
MX I460    2936  SET_METDATA: Missing Hour Identified in Meteor. Data File at      2112050208
MX I460    2937  SET_METDATA: Missing Hour Identified in Meteor. Data File at      2112050209
MX I460    2938  SET_METDATA: Missing Hour Identified in Meteor. Data File at      2112050210
MX I460    2939  SET_METDATA: Missing Hour Identified in Meteor. Data File at      2112050211
MX I460    2940  SET_METDATA: Missing Hour Identified in Meteor. Data File at      2112050212
MX I460    2941  SET_METDATA: Missing Hour Identified in Meteor. Data File at      2112050213
MX I460    2942  SET_METDATA: Missing Hour Identified in Meteor. Data File at      2112050214
MX I460    2943  SET_METDATA: Missing Hour Identified in Meteor. Data File at      2112050215
MX I460    2944  SET_METDATA: Missing Hour Identified in Meteor. Data File at      2112050216
MX I460    2945  SET_METDATA: Missing Hour Identified in Meteor. Data File at      2112050217
MX I460    2946  SET_METDATA: Missing Hour Identified in Meteor. Data File at      2112050218
MX I440    2979       CHKCLM: Calm Hour Identified in Meteorology Data File at     2112050403
MX I440    3558       CHKCLM: Calm Hour Identified in Meteorology Data File at     2112052806
MX I460    3749  SET_METDATA: Missing Hour Identified in Meteor. Data File at      2112060505
MX I440    3750       CHKCLM: Calm Hour Identified in Meteorology Data File at     2112060506
MX I440    3751       CHKCLM: Calm Hour Identified in Meteorology Data File at     2112060507
MX I440    3752       CHKCLM: Calm Hour Identified in Meteorology Data File at     2112060508
MX I440    3765       CHKCLM: Calm Hour Identified in Meteorology Data File at     2112060521
MX I440    3771       CHKCLM: Calm Hour Identified in Meteorology Data File at     2112060603
MX I440    3772       CHKCLM: Calm Hour Identified in Meteorology Data File at     2112060604
MX I440    3773       CHKCLM: Calm Hour Identified in Meteorology Data File at     2112060605
MX I460    3776  SET_METDATA: Missing Hour Identified in Meteor. Data File at      2112060608
MX I460    3777  SET_METDATA: Missing Hour Identified in Meteor. Data File at      2112060609
MX I440    3788       CHKCLM: Calm Hour Identified in Meteorology Data File at     2112060620
MX I440    3790       CHKCLM: Calm Hour Identified in Meteorology Data File at     2112060622
MX I440    3797       CHKCLM: Calm Hour Identified in Meteorology Data File at     2112060705
MX I460    3799  SET_METDATA: Missing Hour Identified in Meteor. Data File at      2112060707
MX I460    3800  SET_METDATA: Missing Hour Identified in Meteor. Data File at      2112060708
MX I460    3801  SET_METDATA: Missing Hour Identified in Meteor. Data File at      2112060709
MX I460    3824  SET_METDATA: Missing Hour Identified in Meteor. Data File at      2112060808
MX I460    3838  SET_METDATA: Missing Hour Identified in Meteor. Data File at      2112060822
MX I440    3844       CHKCLM: Calm Hour Identified in Meteorology Data File at     2112060904
MX I440    3847       CHKCLM: Calm Hour Identified in Meteorology Data File at     2112060907
MX I440    3848       CHKCLM: Calm Hour Identified in Meteorology Data File at     2112060908
MX I460    3859  SET_METDATA: Missing Hour Identified in Meteor. Data File at      2112060919
MX I440    3866       CHKCLM: Calm Hour Identified in Meteorology Data File at     2112061002
MX I440    3867       CHKCLM: Calm Hour Identified in Meteorology Data File at     2112061003
MX I440    3868       CHKCLM: Calm Hour Identified in Meteorology Data File at     2112061004
MX I440    3869       CHKCLM: Calm Hour Identified in Meteorology Data File at     2112061005
MX I460    3876  SET_METDATA: Missing Hour Identified in Meteor. Data File at      2112061012
MX I440    3889       CHKCLM: Calm Hour Identified in Meteorology Data File at     2112061101
MX I440    3890       CHKCLM: Calm Hour Identified in Meteorology Data File at     2112061102
MX I440    3892       CHKCLM: Calm Hour Identified in Meteorology Data File at     2112061104
MX I440    3893       CHKCLM: Calm Hour Identified in Meteorology Data File at     2112061105
MX I440    3894       CHKCLM: Calm Hour Identified in Meteorology Data File at     2112061106
MX I440    3895       CHKCLM: Calm Hour Identified in Meteorology Data File at     2112061107
MX I440    3896       CHKCLM: Calm Hour Identified in Meteorology Data File at     2112061108
MX I460    3904  SET_METDATA: Missing Hour Identified in Meteor. Data File at      2112061116
MX I440    3914       CHKCLM: Calm Hour Identified in Meteorology Data File at     2112061202
MX I440    3916       CHKCLM: Calm Hour Identified in Meteorology Data File at     2112061204
MX I440    3918       CHKCLM: Calm Hour Identified in Meteorology Data File at     2112061206
MX I460    3920  SET_METDATA: Missing Hour Identified in Meteor. Data File at      2112061208
MX I440    3921       CHKCLM: Calm Hour Identified in Meteorology Data File at     2112061209
MX I440    4301       CHKCLM: Calm Hour Identified in Meteorology Data File at     2112062805
MX I440    4444       CHKCLM: Calm Hour Identified in Meteorology Data File at     2112070404
MX I440    4610       CHKCLM: Calm Hour Identified in Meteorology Data File at     2112071102
MX I440    5020       CHKCLM: Calm Hour Identified in Meteorology Data File at     2112072804
MX I440    5111       CHKCLM: Calm Hour Identified in Meteorology Data File at     2112073123
MX I440    5112       CHKCLM: Calm Hour Identified in Meteorology Data File at     2112073124
MX I440    5114       CHKCLM: Calm Hour Identified in Meteorology Data File at     2112080102
MX I440    5115       CHKCLM: Calm Hour Identified in Meteorology Data File at     2112080103
MX I440    5116       CHKCLM: Calm Hour Identified in Meteorology Data File at     2112080104
MX I440    5118       CHKCLM: Calm Hour Identified in Meteorology Data File at     2112080106
MX I440    5119       CHKCLM: Calm Hour Identified in Meteorology Data File at     2112080107
MX I440    5120       CHKCLM: Calm Hour Identified in Meteorology Data File at     2112080108
MX I440    5526       CHKCLM: Calm Hour Identified in Meteorology Data File at     2112081806
MX I440    5545       CHKCLM: Calm Hour Identified in Meteorology Data File at     2112081901
MX I440    5546       CHKCLM: Calm Hour Identified in Meteorology Data File at     2112081902
MX I440    5718       CHKCLM: Calm Hour Identified in Meteorology Data File at     2112082606
MX I440    5812       CHKCLM: Calm Hour Identified in Meteorology Data File at     2112083004
MX I440    5838       CHKCLM: Calm Hour Identified in Meteorology Data File at     2112083106
MX I440    5883       CHKCLM: Calm Hour Identified in Meteorology Data File at     2112090203
MX I440    5885       CHKCLM: Calm Hour Identified in Meteorology Data File at     2112090205
MX I440    5954       CHKCLM: Calm Hour Identified in Meteorology Data File at     2112090502
MX I440    5955       CHKCLM: Calm Hour Identified in Meteorology Data File at     2112090503
MX I440    5958       CHKCLM: Calm Hour Identified in Meteorology Data File at     2112090506
MX I440    6097       CHKCLM: Calm Hour Identified in Meteorology Data File at     2112091101
MX I440    6117       CHKCLM: Calm Hour Identified in Meteorology Data File at     2112091121
MX I440    6119       CHKCLM: Calm Hour Identified in Meteorology Data File at     2112091123
MX I440    6482       CHKCLM: Calm Hour Identified in Meteorology Data File at     2112092702
MX I440    6483       CHKCLM: Calm Hour Identified in Meteorology Data File at     2112092703
MX I440    6484       CHKCLM: Calm Hour Identified in Meteorology Data File at     2112092704
MX I440    6485       CHKCLM: Calm Hour Identified in Meteorology Data File at     2112092705
MX I440    6558       CHKCLM: Calm Hour Identified in Meteorology Data File at     2112093006
MX I440    6769       CHKCLM: Calm Hour Identified in Meteorology Data File at     2112100901
MX I440    6773       CHKCLM: Calm Hour Identified in Meteorology Data File at     2112100905
MX I440    6916       CHKCLM: Calm Hour Identified in Meteorology Data File at     2112101504
MX I440    7013       CHKCLM: Calm Hour Identified in Meteorology Data File at     2112101905
MX I440    7014       CHKCLM: Calm Hour Identified in Meteorology Data File at     2112101906
MX I440    7267       CHKCLM: Calm Hour Identified in Meteorology Data File at     2112102919
MX I440    7268       CHKCLM: Calm Hour Identified in Meteorology Data File at     2112102920
MX I440    7269       CHKCLM: Calm Hour Identified in Meteorology Data File at     2112102921
MX I440    7270       CHKCLM: Calm Hour Identified in Meteorology Data File at     2112102922
MX I440    7271       CHKCLM: Calm Hour Identified in Meteorology Data File at     2112102923
MX I440    7272       CHKCLM: Calm Hour Identified in Meteorology Data File at     2112102924
MX I440    7275       CHKCLM: Calm Hour Identified in Meteorology Data File at     2112103003
MX I440    7276       CHKCLM: Calm Hour Identified in Meteorology Data File at     2112103004
MX I440    7277       CHKCLM: Calm Hour Identified in Meteorology Data File at     2112103005
MX I440    7278       CHKCLM: Calm Hour Identified in Meteorology Data File at     2112103006
MX I440    7279       CHKCLM: Calm Hour Identified in Meteorology Data File at     2112103007
MX I440    7280       CHKCLM: Calm Hour Identified in Meteorology Data File at     2112103008
MX I440    7281       CHKCLM: Calm Hour Identified in Meteorology Data File at     2112103009
MX I440    7282       CHKCLM: Calm Hour Identified in Meteorology Data File at     2112103010
MX I460    7283  SET_METDATA: Missing Hour Identified in Meteor. Data File at      2112103011
MX I460    7284  SET_METDATA: Missing Hour Identified in Meteor. Data File at      2112103012
MX I440    7295       CHKCLM: Calm Hour Identified in Meteorology Data File at     2112103023
MX I440    7395       CHKCLM: Calm Hour Identified in Meteorology Data File at     2112110403
MX I440    7443       CHKCLM: Calm Hour Identified in Meteorology Data File at     2112110603
MX I440    7445       CHKCLM: Calm Hour Identified in Meteorology Data File at     2112110605
MX I440    7447       CHKCLM: Calm Hour Identified in Meteorology Data File at     2112110607
MX I440    7461       CHKCLM: Calm Hour Identified in Meteorology Data File at     2112110621
MX I440    7462       CHKCLM: Calm Hour Identified in Meteorology Data File at     2112110622
MX I440    7464       CHKCLM: Calm Hour Identified in Meteorology Data File at     2112110624
MX I440    7466       CHKCLM: Calm Hour Identified in Meteorology Data File at     2112110702
MX I440    7539       CHKCLM: Calm Hour Identified in Meteorology Data File at     2112111003
MX I440    7565       CHKCLM: Calm Hour Identified in Meteorology Data File at     2112111105
MX I440    7679       CHKCLM: Calm Hour Identified in Meteorology Data File at     2112111523
MX I440    7754       CHKCLM: Calm Hour Identified in Meteorology Data File at     2112111902
MX I440    7780       CHKCLM: Calm Hour Identified in Meteorology Data File at     2112112004
MX I440    7801       CHKCLM: Calm Hour Identified in Meteorology Data File at     2112112101
MX I440    7831       CHKCLM: Calm Hour Identified in Meteorology Data File at     2112112207
MX I440    7834       CHKCLM: Calm Hour Identified in Meteorology Data File at     2112112210
MX I440    7835       CHKCLM: Calm Hour Identified in Meteorology Data File at     2112112211
MX I440    7836       CHKCLM: Calm Hour Identified in Meteorology Data File at     2112112212
MX I440    7943       CHKCLM: Calm Hour Identified in Meteorology Data File at     2112112623
MX I440    7948       CHKCLM: Calm Hour Identified in Meteorology Data File at     2112112704
MX I440    8135       CHKCLM: Calm Hour Identified in Meteorology Data File at     2112120423
MX I440    8136       CHKCLM: Calm Hour Identified in Meteorology Data File at     2112120424
MX I440    8137       CHKCLM: Calm Hour Identified in Meteorology Data File at     2112120501
MX I440    8138       CHKCLM: Calm Hour Identified in Meteorology Data File at     2112120502
MX I440    8139       CHKCLM: Calm Hour Identified in Meteorology Data File at     2112120503
MX I440    8140       CHKCLM: Calm Hour Identified in Meteorology Data File at     2112120504
MX I440    8141       CHKCLM: Calm Hour Identified in Meteorology Data File at     2112120505
MX I440    8142       CHKCLM: Calm Hour Identified in Meteorology Data File at     2112120506
MX I440    8255       CHKCLM: Calm Hour Identified in Meteorology Data File at     2112120923
MX I440    8280       CHKCLM: Calm Hour Identified in Meteorology Data File at     2112121024
MX I440    8281       CHKCLM: Calm Hour Identified in Meteorology Data File at     2112121101
MX I440    8446       CHKCLM: Calm Hour Identified in Meteorology Data File at     2112121722
MX I440    8448       CHKCLM: Calm Hour Identified in Meteorology Data File at     2112121724
MX I440    8449       CHKCLM: Calm Hour Identified in Meteorology Data File at     2112121801
MX I440    8450       CHKCLM: Calm Hour Identified in Meteorology Data File at     2112121802
MX I440    8451       CHKCLM: Calm Hour Identified in Meteorology Data File at     2112121803
MX I440    8543       CHKCLM: Calm Hour Identified in Meteorology Data File at     2112122123
MX I440    8544       CHKCLM: Calm Hour Identified in Meteorology Data File at     2112122124
MX I440    8545       CHKCLM: Calm Hour Identified in Meteorology Data File at     2112122201
MX I440    8550       CHKCLM: Calm Hour Identified in Meteorology Data File at     2112122206
MX I440    8617       CHKCLM: Calm Hour Identified in Meteorology Data File at     2112122501
MX I440    8623       CHKCLM: Calm Hour Identified in Meteorology Data File at     2112122507
MX I440    8710       CHKCLM: Calm Hour Identified in Meteorology Data File at     2112122822
MX I440    8716       CHKCLM: Calm Hour Identified in Meteorology Data File at     2112122904
MX I440    8717       CHKCLM: Calm Hour Identified in Meteorology Data File at     2112122905
MX I440    8729       CHKCLM: Calm Hour Identified in Meteorology Data File at     2112122917
MX I440    8731       CHKCLM: Calm Hour Identified in Meteorology Data File at     2112122919
MX I460    8777  SET_METDATA: Missing Hour Identified in Meteor. Data File at      2112123117
MX I460    8778  SET_METDATA: Missing Hour Identified in Meteor. Data File at      2112123118
MX I460    8779  SET_METDATA: Missing Hour Identified in Meteor. Data File at      2112123119
MX I460    8780  SET_METDATA: Missing Hour Identified in Meteor. Data File at      2112123120
MX I460    8781  SET_METDATA: Missing Hour Identified in Meteor. Data File at      2112123121
MX I460    8782  SET_METDATA: Missing Hour Identified in Meteor. Data File at      2112123122
MX I460    8783  SET_METDATA: Missing Hour Identified in Meteor. Data File at      2112123123
MX I460    8784  SET_METDATA: Missing Hour Identified in Meteor. Data File at      2112123124
MX I460    8841  SET_METDATA: Missing Hour Identified in Meteor. Data File at      2113010309
MX I460    8842  SET_METDATA: Missing Hour Identified in Meteor. Data File at      2113010310
MX I460    8843  SET_METDATA: Missing Hour Identified in Meteor. Data File at      2113010311
MX I460    8844  SET_METDATA: Missing Hour Identified in Meteor. Data File at      2113010312
MX I460    8845  SET_METDATA: Missing Hour Identified in Meteor. Data File at      2113010313
MX I460    8846  SET_METDATA: Missing Hour Identified in Meteor. Data File at      2113010314
MX I460    8847  SET_METDATA: Missing Hour Identified in Meteor. Data File at      2113010315
MX I460    8848  SET_METDATA: Missing Hour Identified in Meteor. Data File at      2113010316
MX I440    8880       CHKCLM: Calm Hour Identified in Meteorology Data File at     2113010424
MX I440    8881       CHKCLM: Calm Hour Identified in Meteorology Data File at     2113010501
MX I440    8901       CHKCLM: Calm Hour Identified in Meteorology Data File at     2113010521
MX I440    8975       CHKCLM: Calm Hour Identified in Meteorology Data File at     2113010823
MX I440    8979       CHKCLM: Calm Hour Identified in Meteorology Data File at     2113010903
MX I440    8983       CHKCLM: Calm Hour Identified in Meteorology Data File at     2113010907
MX I440    9070       CHKCLM: Calm Hour Identified in Meteorology Data File at     2113011222
MX I440    9127       CHKCLM: Calm Hour Identified in Meteorology Data File at     2113011507
MX I440    9147       CHKCLM: Calm Hour Identified in Meteorology Data File at     2113011603
MX I440    9412       CHKCLM: Calm Hour Identified in Meteorology Data File at     2113012704
MX I440    9480       CHKCLM: Calm Hour Identified in Meteorology Data File at     2113012924
MX I440    9549       CHKCLM: Calm Hour Identified in Meteorology Data File at     2113020121
MX I440    9648       CHKCLM: Calm Hour Identified in Meteorology Data File at     2113020524
MX I440    9677       CHKCLM: Calm Hour Identified in Meteorology Data File at     2113020705
MX I440    9731       CHKCLM: Calm Hour Identified in Meteorology Data File at     2113020911
MX I460    9733  SET_METDATA: Missing Hour Identified in Meteor. Data File at      2113020913
MX I440    9739       CHKCLM: Calm Hour Identified in Meteorology Data File at     2113020919
MX I440    9740       CHKCLM: Calm Hour Identified in Meteorology Data File at     2113020920
MX I440    9741       CHKCLM: Calm Hour Identified in Meteorology Data File at     2113020921
MX I440    9742       CHKCLM: Calm Hour Identified in Meteorology Data File at     2113020922
MX I440    9743       CHKCLM: Calm Hour Identified in Meteorology Data File at     2113020923
MX I440    9744       CHKCLM: Calm Hour Identified in Meteorology Data File at     2113020924
MX I440    9745       CHKCLM: Calm Hour Identified in Meteorology Data File at     2113021001
MX I440    9746       CHKCLM: Calm Hour Identified in Meteorology Data File at     2113021002
MX I440    9747       CHKCLM: Calm Hour Identified in Meteorology Data File at     2113021003
MX I440    9748       CHKCLM: Calm Hour Identified in Meteorology Data File at     2113021004
MX I440    9749       CHKCLM: Calm Hour Identified in Meteorology Data File at     2113021005
MX I440    9750       CHKCLM: Calm Hour Identified in Meteorology Data File at     2113021006
MX I440    9751       CHKCLM: Calm Hour Identified in Meteorology Data File at     2113021007
MX I440    9752       CHKCLM: Calm Hour Identified in Meteorology Data File at     2113021008
MX I440    9753       CHKCLM: Calm Hour Identified in Meteorology Data File at     2113021009
MX I440    9796       CHKCLM: Calm Hour Identified in Meteorology Data File at     2113021204
MX I440    9798       CHKCLM: Calm Hour Identified in Meteorology Data File at     2113021206
MX I440    9817       CHKCLM: Calm Hour Identified in Meteorology Data File at     2113021301
MX I440    9839       CHKCLM: Calm Hour Identified in Meteorology Data File at     2113021323
MX I440    9840       CHKCLM: Calm Hour Identified in Meteorology Data File at     2113021324
MX I440    9912       CHKCLM: Calm Hour Identified in Meteorology Data File at     2113021624
MX I440   10131       CHKCLM: Calm Hour Identified in Meteorology Data File at     2113022603
MX I440   10423       CHKCLM: Calm Hour Identified in Meteorology Data File at     2113031007
MX I440   10424       CHKCLM: Calm Hour Identified in Meteorology Data File at     2113031008
MX I440   10425       CHKCLM: Calm Hour Identified in Meteorology Data File at     2113031009
MX I440   10427       CHKCLM: Calm Hour Identified in Meteorology Data File at     2113031011
MX I440   10436       CHKCLM: Calm Hour Identified in Meteorology Data File at     2113031020
MX I440   10438       CHKCLM: Calm Hour Identified in Meteorology Data File at     2113031022
MX I440   10439       CHKCLM: Calm Hour Identified in Meteorology Data File at     2113031023
MX I440   10440       CHKCLM: Calm Hour Identified in Meteorology Data File at     2113031024
MX I440   10443       CHKCLM: Calm Hour Identified in Meteorology Data File at     2113031103
MX I440   10464       CHKCLM: Calm Hour Identified in Meteorology Data File at     2113031124
MX I440   10465       CHKCLM: Calm Hour Identified in Meteorology Data File at     2113031201
MX I440   10466       CHKCLM: Calm Hour Identified in Meteorology Data File at     2113031202
MX I440   10467       CHKCLM: Calm Hour Identified in Meteorology Data File at     2113031203
MX I440   10468       CHKCLM: Calm Hour Identified in Meteorology Data File at     2113031204
MX I440   10469       CHKCLM: Calm Hour Identified in Meteorology Data File at     2113031205
MX I440   10470       CHKCLM: Calm Hour Identified in Meteorology Data File at     2113031206
MX I440   10471       CHKCLM: Calm Hour Identified in Meteorology Data File at     2113031207
MX I440   10472       CHKCLM: Calm Hour Identified in Meteorology Data File at     2113031208
MX I440   10473       CHKCLM: Calm Hour Identified in Meteorology Data File at     2113031209
MX I460   10474  SET_METDATA: Missing Hour Identified in Meteor. Data File at      2113031210
MX I440   10476       CHKCLM: Calm Hour Identified in Meteorology Data File at     2113031212
MX I440   10486       CHKCLM: Calm Hour Identified in Meteorology Data File at     2113031222
MX I440   10489       CHKCLM: Calm Hour Identified in Meteorology Data File at     2113031301
MX I440   10490       CHKCLM: Calm Hour Identified in Meteorology Data File at     2113031302
MX I440   10491       CHKCLM: Calm Hour Identified in Meteorology Data File at     2113031303
MX I440   10492       CHKCLM: Calm Hour Identified in Meteorology Data File at     2113031304
MX I440   10493       CHKCLM: Calm Hour Identified in Meteorology Data File at     2113031305
MX I440   10494       CHKCLM: Calm Hour Identified in Meteorology Data File at     2113031306
MX I440   10496       CHKCLM: Calm Hour Identified in Meteorology Data File at     2113031308
MX I440   10497       CHKCLM: Calm Hour Identified in Meteorology Data File at     2113031309
MX I440   10498       CHKCLM: Calm Hour Identified in Meteorology Data File at     2113031310
MX I440   10499       CHKCLM: Calm Hour Identified in Meteorology Data File at     2113031311
MX I460   10500  SET_METDATA: Missing Hour Identified in Meteor. Data File at      2113031312
MX I440   10510       CHKCLM: Calm Hour Identified in Meteorology Data File at     2113031322
MX I440   10513       CHKCLM: Calm Hour Identified in Meteorology Data File at     2113031401
MX I440   10517       CHKCLM: Calm Hour Identified in Meteorology Data File at     2113031405
MX I440   10518       CHKCLM: Calm Hour Identified in Meteorology Data File at     2113031406
MX I440   10520       CHKCLM: Calm Hour Identified in Meteorology Data File at     2113031408
MX I440   10521       CHKCLM: Calm Hour Identified in Meteorology Data File at     2113031409
MX I440   10522       CHKCLM: Calm Hour Identified in Meteorology Data File at     2113031410
MX I440   10533       CHKCLM: Calm Hour Identified in Meteorology Data File at     2113031421
MX I460   10538  SET_METDATA: Missing Hour Identified in Meteor. Data File at      2113031502
MX I440   10539       CHKCLM: Calm Hour Identified in Meteorology Data File at     2113031503
MX I440   10540       CHKCLM: Calm Hour Identified in Meteorology Data File at     2113031504
MX I440   10541       CHKCLM: Calm Hour Identified in Meteorology Data File at     2113031505
MX I440   10542       CHKCLM: Calm Hour Identified in Meteorology Data File at     2113031506
MX I440   10543       CHKCLM: Calm Hour Identified in Meteorology Data File at     2113031507
MX I440   10544       CHKCLM: Calm Hour Identified in Meteorology Data File at     2113031508
MX I440   10545       CHKCLM: Calm Hour Identified in Meteorology Data File at     2113031509
MX I460   10546  SET_METDATA: Missing Hour Identified in Meteor. Data File at      2113031510
MX I460   10550  SET_METDATA: Missing Hour Identified in Meteor. Data File at      2113031514
MX I440   10555       CHKCLM: Calm Hour Identified in Meteorology Data File at     2113031519
MX I460   10563  SET_METDATA: Missing Hour Identified in Meteor. Data File at      2113031603
MX I440   10565       CHKCLM: Calm Hour Identified in Meteorology Data File at     2113031605
MX I440   10566       CHKCLM: Calm Hour Identified in Meteorology Data File at     2113031606
MX I440   10568       CHKCLM: Calm Hour Identified in Meteorology Data File at     2113031608
MX I460   10570  SET_METDATA: Missing Hour Identified in Meteor. Data File at      2113031610
MX I440   10591       CHKCLM: Calm Hour Identified in Meteorology Data File at     2113031707
MX I440   10593       CHKCLM: Calm Hour Identified in Meteorology Data File at     2113031709
MX I460   10594  SET_METDATA: Missing Hour Identified in Meteor. Data File at      2113031710
MX I460   10597  SET_METDATA: Missing Hour Identified in Meteor. Data File at      2113031713
MX I460   10599  SET_METDATA: Missing Hour Identified in Meteor. Data File at      2113031715
MX I440   10604       CHKCLM: Calm Hour Identified in Meteorology Data File at     2113031720
MX I440   10616       CHKCLM: Calm Hour Identified in Meteorology Data File at     2113031808
MX I460   10617  SET_METDATA: Missing Hour Identified in Meteor. Data File at      2113031809
MX I460   10619  SET_METDATA: Missing Hour Identified in Meteor. Data File at      2113031811
MX I460   10620  SET_METDATA: Missing Hour Identified in Meteor. Data File at      2113031812
MX I440   10630       CHKCLM: Calm Hour Identified in Meteorology Data File at     2113031822
MX I440   10631       CHKCLM: Calm Hour Identified in Meteorology Data File at     2113031823
MX I440   10632       CHKCLM: Calm Hour Identified in Meteorology Data File at     2113031824
MX I440   10633       CHKCLM: Calm Hour Identified in Meteorology Data File at     2113031901
MX I440   10634       CHKCLM: Calm Hour Identified in Meteorology Data File at     2113031902
MX I440   10635       CHKCLM: Calm Hour Identified in Meteorology Data File at     2113031903
MX I440   10636       CHKCLM: Calm Hour Identified in Meteorology Data File at     2113031904
MX I440   10637       CHKCLM: Calm Hour Identified in Meteorology Data File at     2113031905
MX I440   10638       CHKCLM: Calm Hour Identified in Meteorology Data File at     2113031906
MX I440   10639       CHKCLM: Calm Hour Identified in Meteorology Data File at     2113031907
MX I440   10640       CHKCLM: Calm Hour Identified in Meteorology Data File at     2113031908
MX I440   10642       CHKCLM: Calm Hour Identified in Meteorology Data File at     2113031910
MX I440   10643       CHKCLM: Calm Hour Identified in Meteorology Data File at     2113031911
MX I460   10693  SET_METDATA: Missing Hour Identified in Meteor. Data File at      2113032113
MX I440   10852       CHKCLM: Calm Hour Identified in Meteorology Data File at     2113032804
MX I440   11003       CHKCLM: Calm Hour Identified in Meteorology Data File at     2113040311
MX I440   11495       CHKCLM: Calm Hour Identified in Meteorology Data File at     2113042323
MX I440   12123       CHKCLM: Calm Hour Identified in Meteorology Data File at     2113052003
MX I440   12124       CHKCLM: Calm Hour Identified in Meteorology Data File at     2113052004
MX I440   12125       CHKCLM: Calm Hour Identified in Meteorology Data File at     2113052005
MX I440   12126       CHKCLM: Calm Hour Identified in Meteorology Data File at     2113052006
MX I460   12128  SET_METDATA: Missing Hour Identified in Meteor. Data File at      2113052008
MX I460   12129  SET_METDATA: Missing Hour Identified in Meteor. Data File at      2113052009
MX I460   12141  SET_METDATA: Missing Hour Identified in Meteor. Data File at      2113052021
MX I460   12142  SET_METDATA: Missing Hour Identified in Meteor. Data File at      2113052022
MX I460   12143  SET_METDATA: Missing Hour Identified in Meteor. Data File at      2113052023
MX I460   12144  SET_METDATA: Missing Hour Identified in Meteor. Data File at      2113052024
MX I460   12145  SET_METDATA: Missing Hour Identified in Meteor. Data File at      2113052101
MX I460   12146  SET_METDATA: Missing Hour Identified in Meteor. Data File at      2113052102
MX I460   12147  SET_METDATA: Missing Hour Identified in Meteor. Data File at      2113052103
MX I460   12148  SET_METDATA: Missing Hour Identified in Meteor. Data File at      2113052104
MX I460   12149  SET_METDATA: Missing Hour Identified in Meteor. Data File at      2113052105
MX I460   12150  SET_METDATA: Missing Hour Identified in Meteor. Data File at      2113052106
MX I440   12296       CHKCLM: Calm Hour Identified in Meteorology Data File at     2113052708
MX I440   12815       CHKCLM: Calm Hour Identified in Meteorology Data File at     2113061723
MX I440   12816       CHKCLM: Calm Hour Identified in Meteorology Data File at     2113061724
MX I440   14160       CHKCLM: Calm Hour Identified in Meteorology Data File at     2113081224
MX I440   14161       CHKCLM: Calm Hour Identified in Meteorology Data File at     2113081301
MX I440   14835       CHKCLM: Calm Hour Identified in Meteorology Data File at     2113091003
MX I440   14836       CHKCLM: Calm Hour Identified in Meteorology Data File at     2113091004
MX I440   14837       CHKCLM: Calm Hour Identified in Meteorology Data File at     2113091005
MX I440   14838       CHKCLM: Calm Hour Identified in Meteorology Data File at     2113091006
MX I460   14839  SET_METDATA: Missing Hour Identified in Meteor. Data File at      2113091007
MX I440   14840       CHKCLM: Calm Hour Identified in Meteorology Data File at     2113091008
MX I460   14847  SET_METDATA: Missing Hour Identified in Meteor. Data File at      2113091015
MX I440   15080       CHKCLM: Calm Hour Identified in Meteorology Data File at     2113092008
MX I440   15171       CHKCLM: Calm Hour Identified in Meteorology Data File at     2113092403
MX I440   15192       CHKCLM: Calm Hour Identified in Meteorology Data File at     2113092424
MX I440   15292       CHKCLM: Calm Hour Identified in Meteorology Data File at     2113092904
MX I440   15314       CHKCLM: Calm Hour Identified in Meteorology Data File at     2113093002
MX I440   15315       CHKCLM: Calm Hour Identified in Meteorology Data File at     2113093003
MX I440   15413       CHKCLM: Calm Hour Identified in Meteorology Data File at     2113100405
MX I440   15414       CHKCLM: Calm Hour Identified in Meteorology Data File at     2113100406
MX I440   15415       CHKCLM: Calm Hour Identified in Meteorology Data File at     2113100407
MX I440   15508       CHKCLM: Calm Hour Identified in Meteorology Data File at     2113100804
MX I440   15719       CHKCLM: Calm Hour Identified in Meteorology Data File at     2113101623
MX I440   15748       CHKCLM: Calm Hour Identified in Meteorology Data File at     2113101804
MX I440   15749       CHKCLM: Calm Hour Identified in Meteorology Data File at     2113101805
MX I440   15774       CHKCLM: Calm Hour Identified in Meteorology Data File at     2113101906
MX I440   15817       CHKCLM: Calm Hour Identified in Meteorology Data File at     2113102101
MX I440   15844       CHKCLM: Calm Hour Identified in Meteorology Data File at     2113102204
MX I440   15913       CHKCLM: Calm Hour Identified in Meteorology Data File at     2113102501
MX I440   15958       CHKCLM: Calm Hour Identified in Meteorology Data File at     2113102622
MX I440   16054       CHKCLM: Calm Hour Identified in Meteorology Data File at     2113103022
MX I440   16055       CHKCLM: Calm Hour Identified in Meteorology Data File at     2113103023
MX I440   16056       CHKCLM: Calm Hour Identified in Meteorology Data File at     2113103024
MX I440   16057       CHKCLM: Calm Hour Identified in Meteorology Data File at     2113103101
MX I440   16058       CHKCLM: Calm Hour Identified in Meteorology Data File at     2113103102
MX I440   16060       CHKCLM: Calm Hour Identified in Meteorology Data File at     2113103104
MX I440   16079       CHKCLM: Calm Hour Identified in Meteorology Data File at     2113103123
MX I440   16179       CHKCLM: Calm Hour Identified in Meteorology Data File at     2113110503
MX I440   16197       CHKCLM: Calm Hour Identified in Meteorology Data File at     2113110521
MX I460   16201  SET_METDATA: Missing Hour Identified in Meteor. Data File at      2113110601
MX I460   16202  SET_METDATA: Missing Hour Identified in Meteor. Data File at      2113110602
MX I460   16203  SET_METDATA: Missing Hour Identified in Meteor. Data File at      2113110603
MX I460   16204  SET_METDATA: Missing Hour Identified in Meteor. Data File at      2113110604
MX I440   16252       CHKCLM: Calm Hour Identified in Meteorology Data File at     2113110804
MX I440   16326       CHKCLM: Calm Hour Identified in Meteorology Data File at     2113111106
MX I440   16364       CHKCLM: Calm Hour Identified in Meteorology Data File at     2113111220
MX I440   16365       CHKCLM: Calm Hour Identified in Meteorology Data File at     2113111221
MX I440   16366       CHKCLM: Calm Hour Identified in Meteorology Data File at     2113111222
MX I460   16369  SET_METDATA: Missing Hour Identified in Meteor. Data File at      2113111301
MX I460   16370  SET_METDATA: Missing Hour Identified in Meteor. Data File at      2113111302
MX I460   16371  SET_METDATA: Missing Hour Identified in Meteor. Data File at      2113111303
MX I460   16372  SET_METDATA: Missing Hour Identified in Meteor. Data File at      2113111304
MX I440   16388       CHKCLM: Calm Hour Identified in Meteorology Data File at     2113111320
MX I460   16394  SET_METDATA: Missing Hour Identified in Meteor. Data File at      2113111402
MX I460   16395  SET_METDATA: Missing Hour Identified in Meteor. Data File at      2113111403
MX I460   16396  SET_METDATA: Missing Hour Identified in Meteor. Data File at      2113111404
MX I440   16444       CHKCLM: Calm Hour Identified in Meteorology Data File at     2113111604
MX I440   16467       CHKCLM: Calm Hour Identified in Meteorology Data File at     2113111703
MX I440   16468       CHKCLM: Calm Hour Identified in Meteorology Data File at     2113111704
MX I440   16469       CHKCLM: Calm Hour Identified in Meteorology Data File at     2113111705
MX I440   16487       CHKCLM: Calm Hour Identified in Meteorology Data File at     2113111723
MX I440   16488       CHKCLM: Calm Hour Identified in Meteorology Data File at     2113111724
MX I440   16489       CHKCLM: Calm Hour Identified in Meteorology Data File at     2113111801
MX I440   16490       CHKCLM: Calm Hour Identified in Meteorology Data File at     2113111802
MX I440   16491       CHKCLM: Calm Hour Identified in Meteorology Data File at     2113111803
MX I440   16492       CHKCLM: Calm Hour Identified in Meteorology Data File at     2113111804
MX I440   16656       CHKCLM: Calm Hour Identified in Meteorology Data File at     2113112424
MX I440   16778       CHKCLM: Calm Hour Identified in Meteorology Data File at     2113113002
MX I440   16849       CHKCLM: Calm Hour Identified in Meteorology Data File at     2113120301
MX I440   16851       CHKCLM: Calm Hour Identified in Meteorology Data File at     2113120303
MX I440   16900       CHKCLM: Calm Hour Identified in Meteorology Data File at     2113120504
MX I440   16917       CHKCLM: Calm Hour Identified in Meteorology Data File at     2113120521
MX I440   16919       CHKCLM: Calm Hour Identified in Meteorology Data File at     2113120523
MX I440   16946       CHKCLM: Calm Hour Identified in Meteorology Data File at     2113120702
MX I440   16948       CHKCLM: Calm Hour Identified in Meteorology Data File at     2113120704
MX I440   16973       CHKCLM: Calm Hour Identified in Meteorology Data File at     2113120805
MX I440   16988       CHKCLM: Calm Hour Identified in Meteorology Data File at     2113120820
MX I440   16989       CHKCLM: Calm Hour Identified in Meteorology Data File at     2113120821
MX I460   17185  SET_METDATA: Missing Hour Identified in Meteor. Data File at      2113121701
MX I460   17186  SET_METDATA: Missing Hour Identified in Meteor. Data File at      2113121702
MX I460   17187  SET_METDATA: Missing Hour Identified in Meteor. Data File at      2113121703
MX I460   17188  SET_METDATA: Missing Hour Identified in Meteor. Data File at      2113121704
MX I440   17260       CHKCLM: Calm Hour Identified in Meteorology Data File at     2113122004
MX I440   17261       CHKCLM: Calm Hour Identified in Meteorology Data File at     2113122005
MX I440   17262       CHKCLM: Calm Hour Identified in Meteorology Data File at     2113122006
MX I440   17263       CHKCLM: Calm Hour Identified in Meteorology Data File at     2113122007
MX I440   17264       CHKCLM: Calm Hour Identified in Meteorology Data File at     2113122008
MX I440   17280       CHKCLM: Calm Hour Identified in Meteorology Data File at     2113122024
MX I440   17283       CHKCLM: Calm Hour Identified in Meteorology Data File at     2113122103
MX I440   17286       CHKCLM: Calm Hour Identified in Meteorology Data File at     2113122106
MX I440   17301       CHKCLM: Calm Hour Identified in Meteorology Data File at     2113122121
MX I440   17303       CHKCLM: Calm Hour Identified in Meteorology Data File at     2113122123
MX I440   17306       CHKCLM: Calm Hour Identified in Meteorology Data File at     2113122202
MX I440   17336       CHKCLM: Calm Hour Identified in Meteorology Data File at     2113122308
MX I440   17523       CHKCLM: Calm Hour Identified in Meteorology Data File at     2113123103
MX I440   17536       CHKCLM: Calm Hour Identified in Meteorology Data File at     2113123116
MX I460   17537  SET_METDATA: Missing Hour Identified in Meteor. Data File at      2113123117
MX I460   17538  SET_METDATA: Missing Hour Identified in Meteor. Data File at      2113123118
MX I460   17539  SET_METDATA: Missing Hour Identified in Meteor. Data File at      2113123119
MX I460   17540  SET_METDATA: Missing Hour Identified in Meteor. Data File at      2113123120
MX I460   17541  SET_METDATA: Missing Hour Identified in Meteor. Data File at      2113123121
MX I460   17542  SET_METDATA: Missing Hour Identified in Meteor. Data File at      2113123122
MX I460   17543  SET_METDATA: Missing Hour Identified in Meteor. Data File at      2113123123
MX I460   17544  SET_METDATA: Missing Hour Identified in Meteor. Data File at      2113123124
MX I440   17571       CHKCLM: Calm Hour Identified in Meteorology Data File at     2114010203
MX I440   17576       CHKCLM: Calm Hour Identified in Meteorology Data File at     2114010208
MX I440   17612       CHKCLM: Calm Hour Identified in Meteorology Data File at     2114010320
MX I440   17620       CHKCLM: Calm Hour Identified in Meteorology Data File at     2114010404
MX I440   17735       CHKCLM: Calm Hour Identified in Meteorology Data File at     2114010823
MX I440   17736       CHKCLM: Calm Hour Identified in Meteorology Data File at     2114010824
MX I440   17737       CHKCLM: Calm Hour Identified in Meteorology Data File at     2114010901
MX I440   17738       CHKCLM: Calm Hour Identified in Meteorology Data File at     2114010902
MX I440   17739       CHKCLM: Calm Hour Identified in Meteorology Data File at     2114010903
MX I440   17740       CHKCLM: Calm Hour Identified in Meteorology Data File at     2114010904
MX I440   17741       CHKCLM: Calm Hour Identified in Meteorology Data File at     2114010905
MX I440   17742       CHKCLM: Calm Hour Identified in Meteorology Data File at     2114010906
MX I440   17744       CHKCLM: Calm Hour Identified in Meteorology Data File at     2114010908
MX I440   17745       CHKCLM: Calm Hour Identified in Meteorology Data File at     2114010909
MX I440   17746       CHKCLM: Calm Hour Identified in Meteorology Data File at     2114010910
MX I440   17747       CHKCLM: Calm Hour Identified in Meteorology Data File at     2114010911
MX I460   17750  SET_METDATA: Missing Hour Identified in Meteor. Data File at      2114010914
MX I440   17757       CHKCLM: Calm Hour Identified in Meteorology Data File at     2114010921
MX I440   17758       CHKCLM: Calm Hour Identified in Meteorology Data File at     2114010922
MX I440   17759       CHKCLM: Calm Hour Identified in Meteorology Data File at     2114010923
MX I440   17760       CHKCLM: Calm Hour Identified in Meteorology Data File at     2114010924
MX I440   17761       CHKCLM: Calm Hour Identified in Meteorology Data File at     2114011001
MX I440   17764       CHKCLM: Calm Hour Identified in Meteorology Data File at     2114011004
MX I440   17955       CHKCLM: Calm Hour Identified in Meteorology Data File at     2114011803
MX I440   18026       CHKCLM: Calm Hour Identified in Meteorology Data File at     2114012102
MX I440   18055       CHKCLM: Calm Hour Identified in Meteorology Data File at     2114012207
MX I440   18146       CHKCLM: Calm Hour Identified in Meteorology Data File at     2114012602
MX I440   18147       CHKCLM: Calm Hour Identified in Meteorology Data File at     2114012603
MX I440   18149       CHKCLM: Calm Hour Identified in Meteorology Data File at     2114012605
MX I440   18150       CHKCLM: Calm Hour Identified in Meteorology Data File at     2114012606
MX I440   18192       CHKCLM: Calm Hour Identified in Meteorology Data File at     2114012724
MX I440   18193       CHKCLM: Calm Hour Identified in Meteorology Data File at     2114012801
MX I440   18364       CHKCLM: Calm Hour Identified in Meteorology Data File at     2114020404
MX I440   18367       CHKCLM: Calm Hour Identified in Meteorology Data File at     2114020407
MX I440   18380       CHKCLM: Calm Hour Identified in Meteorology Data File at     2114020420
MX I440   18381       CHKCLM: Calm Hour Identified in Meteorology Data File at     2114020421
MX I440   18382       CHKCLM: Calm Hour Identified in Meteorology Data File at     2114020422
MX I440   18383       CHKCLM: Calm Hour Identified in Meteorology Data File at     2114020423
MX I440   18386       CHKCLM: Calm Hour Identified in Meteorology Data File at     2114020502
MX I440   18387       CHKCLM: Calm Hour Identified in Meteorology Data File at     2114020503
MX I440   18388       CHKCLM: Calm Hour Identified in Meteorology Data File at     2114020504
MX I440   18389       CHKCLM: Calm Hour Identified in Meteorology Data File at     2114020505
MX I440   18390       CHKCLM: Calm Hour Identified in Meteorology Data File at     2114020506
MX I440   18391       CHKCLM: Calm Hour Identified in Meteorology Data File at     2114020507
MX I440   18392       CHKCLM: Calm Hour Identified in Meteorology Data File at     2114020508
MX I440   18393       CHKCLM: Calm Hour Identified in Meteorology Data File at     2114020509
MX I440   18459       CHKCLM: Calm Hour Identified in Meteorology Data File at     2114020803
MX I440   18527       CHKCLM: Calm Hour Identified in Meteorology Data File at     2114021023
MX I440   18597       CHKCLM: Calm Hour Identified in Meteorology Data File at     2114021321
MX I440   18602       CHKCLM: Calm Hour Identified in Meteorology Data File at     2114021402
MX I440   18605       CHKCLM: Calm Hour Identified in Meteorology Data File at     2114021405
MX I440   18626       CHKCLM: Calm Hour Identified in Meteorology Data File at     2114021502
MX I440   18629       CHKCLM: Calm Hour Identified in Meteorology Data File at     2114021505
MX I440   18669       CHKCLM: Calm Hour Identified in Meteorology Data File at     2114021621
MX I440   18670       CHKCLM: Calm Hour Identified in Meteorology Data File at     2114021622
MX I440   18671       CHKCLM: Calm Hour Identified in Meteorology Data File at     2114021623
MX I440   18672       CHKCLM: Calm Hour Identified in Meteorology Data File at     2114021624
MX I440   18674       CHKCLM: Calm Hour Identified in Meteorology Data File at     2114021702
MX I440   18675       CHKCLM: Calm Hour Identified in Meteorology Data File at     2114021703
MX I440   18676       CHKCLM: Calm Hour Identified in Meteorology Data File at     2114021704
MX I440   18772       CHKCLM: Calm Hour Identified in Meteorology Data File at     2114022104
MX I440   18812       CHKCLM: Calm Hour Identified in Meteorology Data File at     2114022220
MX I440   18813       CHKCLM: Calm Hour Identified in Meteorology Data File at     2114022221
MX I440   18815       CHKCLM: Calm Hour Identified in Meteorology Data File at     2114022223
MX I440   18819       CHKCLM: Calm Hour Identified in Meteorology Data File at     2114022303
MX I440   18844       CHKCLM: Calm Hour Identified in Meteorology Data File at     2114022404
MX I440   18869       CHKCLM: Calm Hour Identified in Meteorology Data File at     2114022505
MX I460   18916  SET_METDATA: Missing Hour Identified in Meteor. Data File at      2114022704
MX I440   19009       CHKCLM: Calm Hour Identified in Meteorology Data File at     2114030301
MX I440   19012       CHKCLM: Calm Hour Identified in Meteorology Data File at     2114030304
MX I440   19038       CHKCLM: Calm Hour Identified in Meteorology Data File at     2114030406
MX I440   19039       CHKCLM: Calm Hour Identified in Meteorology Data File at     2114030407
MX I440   19040       CHKCLM: Calm Hour Identified in Meteorology Data File at     2114030408
MX I440   19042       CHKCLM: Calm Hour Identified in Meteorology Data File at     2114030410
MX I440   19043       CHKCLM: Calm Hour Identified in Meteorology Data File at     2114030411
MX I440   19060       CHKCLM: Calm Hour Identified in Meteorology Data File at     2114030504
MX I440   19081       CHKCLM: Calm Hour Identified in Meteorology Data File at     2114030601
MX I440   19180       CHKCLM: Calm Hour Identified in Meteorology Data File at     2114031004
MX I440   19182       CHKCLM: Calm Hour Identified in Meteorology Data File at     2114031006
MX I440   19226       CHKCLM: Calm Hour Identified in Meteorology Data File at     2114031202
MX I440   19272       CHKCLM: Calm Hour Identified in Meteorology Data File at     2114031324
MX I440   19321       CHKCLM: Calm Hour Identified in Meteorology Data File at     2114031601
MX I440   19345       CHKCLM: Calm Hour Identified in Meteorology Data File at     2114031701
MX I440   19399       CHKCLM: Calm Hour Identified in Meteorology Data File at     2114031907
MX I440   19635       CHKCLM: Calm Hour Identified in Meteorology Data File at     2114032903
MX I440   19827       CHKCLM: Calm Hour Identified in Meteorology Data File at     2114040603
MX I440   19900       CHKCLM: Calm Hour Identified in Meteorology Data File at     2114040904
MX I440   20140       CHKCLM: Calm Hour Identified in Meteorology Data File at     2114041904
MX I440   20165       CHKCLM: Calm Hour Identified in Meteorology Data File at     2114042005
MX I440   20166       CHKCLM: Calm Hour Identified in Meteorology Data File at     2114042006
MX I440   20167       CHKCLM: Calm Hour Identified in Meteorology Data File at     2114042007
MX I440   20168       CHKCLM: Calm Hour Identified in Meteorology Data File at     2114042008
MX I440   20169       CHKCLM: Calm Hour Identified in Meteorology Data File at     2114042009
MX I440   20182       CHKCLM: Calm Hour Identified in Meteorology Data File at     2114042022
MX I440   20453       CHKCLM: Calm Hour Identified in Meteorology Data File at     2114050205
MX I460   21108  SET_METDATA: Missing Hour Identified in Meteor. Data File at      2114052912
MX I460   21109  SET_METDATA: Missing Hour Identified in Meteor. Data File at      2114052913
MX I460   21110  SET_METDATA: Missing Hour Identified in Meteor. Data File at      2114052914
MX I460   21111  SET_METDATA: Missing Hour Identified in Meteor. Data File at      2114052915
MX I460   21112  SET_METDATA: Missing Hour Identified in Meteor. Data File at      2114052916
MX I460   21113  SET_METDATA: Missing Hour Identified in Meteor. Data File at      2114052917
MX I460   21114  SET_METDATA: Missing Hour Identified in Meteor. Data File at      2114052918
MX I460   21328  SET_METDATA: Missing Hour Identified in Meteor. Data File at      2114060716
MX I460   21329  SET_METDATA: Missing Hour Identified in Meteor. Data File at      2114060717
MX I460   21330  SET_METDATA: Missing Hour Identified in Meteor. Data File at      2114060718
MX I440   21463       CHKCLM: Calm Hour Identified in Meteorology Data File at     2114061307
MX I460   21464  SET_METDATA: Missing Hour Identified in Meteor. Data File at      2114061308
MX I460   21468  SET_METDATA: Missing Hour Identified in Meteor. Data File at      2114061312
MX I440   22607       CHKCLM: Calm Hour Identified in Meteorology Data File at     2114073023
MX I460   22619  SET_METDATA: Missing Hour Identified in Meteor. Data File at      2114073111
MX I440   22640       CHKCLM: Calm Hour Identified in Meteorology Data File at     2114080108
MX I440   22641       CHKCLM: Calm Hour Identified in Meteorology Data File at     2114080109
MX I440   23285       CHKCLM: Calm Hour Identified in Meteorology Data File at     2114082805
MX I440   23473       CHKCLM: Calm Hour Identified in Meteorology Data File at     2114090501
MX I440   23474       CHKCLM: Calm Hour Identified in Meteorology Data File at     2114090502
MX I440   23475       CHKCLM: Calm Hour Identified in Meteorology Data File at     2114090503
MX I460   23569  SET_METDATA: Missing Hour Identified in Meteor. Data File at      2114090901
MX I440   23764       CHKCLM: Calm Hour Identified in Meteorology Data File at     2114091704
MX I440   23885       CHKCLM: Calm Hour Identified in Meteorology Data File at     2114092205
MX I440   23907       CHKCLM: Calm Hour Identified in Meteorology Data File at     2114092303
MX I440   23908       CHKCLM: Calm Hour Identified in Meteorology Data File at     2114092304
MX I440   23910       CHKCLM: Calm Hour Identified in Meteorology Data File at     2114092306
MX I460   23953  SET_METDATA: Missing Hour Identified in Meteor. Data File at      2114092501
MX I460   23954  SET_METDATA: Missing Hour Identified in Meteor. Data File at      2114092502
MX I440   23955       CHKCLM: Calm Hour Identified in Meteorology Data File at     2114092503
MX I440   23998       CHKCLM: Calm Hour Identified in Meteorology Data File at     2114092622
MX I440   23999       CHKCLM: Calm Hour Identified in Meteorology Data File at     2114092623
MX I440   24001       CHKCLM: Calm Hour Identified in Meteorology Data File at     2114092701
MX I440   24002       CHKCLM: Calm Hour Identified in Meteorology Data File at     2114092702
MX I440   24003       CHKCLM: Calm Hour Identified in Meteorology Data File at     2114092703
MX I440   24145       CHKCLM: Calm Hour Identified in Meteorology Data File at     2114100301
MX I440   24174       CHKCLM: Calm Hour Identified in Meteorology Data File at     2114100406
MX I440   24199       CHKCLM: Calm Hour Identified in Meteorology Data File at     2114100507
MX I440   24243       CHKCLM: Calm Hour Identified in Meteorology Data File at     2114100703
MX I440   24269       CHKCLM: Calm Hour Identified in Meteorology Data File at     2114100805
MX I440   24624       CHKCLM: Calm Hour Identified in Meteorology Data File at     2114102224
MX I440   24625       CHKCLM: Calm Hour Identified in Meteorology Data File at     2114102301
MX I440   24626       CHKCLM: Calm Hour Identified in Meteorology Data File at     2114102302
MX I440   24627       CHKCLM: Calm Hour Identified in Meteorology Data File at     2114102303
MX I440   24628       CHKCLM: Calm Hour Identified in Meteorology Data File at     2114102304
MX I440   24629       CHKCLM: Calm Hour Identified in Meteorology Data File at     2114102305
MX I440   24630       CHKCLM: Calm Hour Identified in Meteorology Data File at     2114102306
MX I440   24744       CHKCLM: Calm Hour Identified in Meteorology Data File at     2114102724
MX I440   25032       CHKCLM: Calm Hour Identified in Meteorology Data File at     2114110824
MX I460   25185  SET_METDATA: Missing Hour Identified in Meteor. Data File at      2114111509
MX I460   25186  SET_METDATA: Missing Hour Identified in Meteor. Data File at      2114111510
MX I460   25187  SET_METDATA: Missing Hour Identified in Meteor. Data File at      2114111511
MX I460   25188  SET_METDATA: Missing Hour Identified in Meteor. Data File at      2114111512
MX I460   25189  SET_METDATA: Missing Hour Identified in Meteor. Data File at      2114111513
MX I460   25190  SET_METDATA: Missing Hour Identified in Meteor. Data File at      2114111514
MX I460   25191  SET_METDATA: Missing Hour Identified in Meteor. Data File at      2114111515
MX I460   25192  SET_METDATA: Missing Hour Identified in Meteor. Data File at      2114111516
MX I440   25220       CHKCLM: Calm Hour Identified in Meteorology Data File at     2114111620
MX I440   25292       CHKCLM: Calm Hour Identified in Meteorology Data File at     2114111920
MX I440   25293       CHKCLM: Calm Hour Identified in Meteorology Data File at     2114111921
MX I440   25294       CHKCLM: Calm Hour Identified in Meteorology Data File at     2114111922
MX I440   25296       CHKCLM: Calm Hour Identified in Meteorology Data File at     2114111924
MX I440   25297       CHKCLM: Calm Hour Identified in Meteorology Data File at     2114112001
MX I440   25298       CHKCLM: Calm Hour Identified in Meteorology Data File at     2114112002
MX I440   25299       CHKCLM: Calm Hour Identified in Meteorology Data File at     2114112003
MX I440   25681       CHKCLM: Calm Hour Identified in Meteorology Data File at     2114120601
MX I440   25774       CHKCLM: Calm Hour Identified in Meteorology Data File at     2114120922
MX I440   25775       CHKCLM: Calm Hour Identified in Meteorology Data File at     2114120923
MX I440   25776       CHKCLM: Calm Hour Identified in Meteorology Data File at     2114120924
MX I440   25777       CHKCLM: Calm Hour Identified in Meteorology Data File at     2114121001
MX I440   25778       CHKCLM: Calm Hour Identified in Meteorology Data File at     2114121002
MX I440   25780       CHKCLM: Calm Hour Identified in Meteorology Data File at     2114121004
MX I440   25781       CHKCLM: Calm Hour Identified in Meteorology Data File at     2114121005
MX I440   25951       CHKCLM: Calm Hour Identified in Meteorology Data File at     2114121707
MX I440   25955       CHKCLM: Calm Hour Identified in Meteorology Data File at     2114121711
MX I440   25956       CHKCLM: Calm Hour Identified in Meteorology Data File at     2114121712
MX I440   26257       CHKCLM: Calm Hour Identified in Meteorology Data File at     2114123001
MX I440   26258       CHKCLM: Calm Hour Identified in Meteorology Data File at     2114123002
MX I440   26259       CHKCLM: Calm Hour Identified in Meteorology Data File at     2114123003
MX I440   26261       CHKCLM: Calm Hour Identified in Meteorology Data File at     2114123005
MX I440   26262       CHKCLM: Calm Hour Identified in Meteorology Data File at     2114123006
MX I440   26263       CHKCLM: Calm Hour Identified in Meteorology Data File at     2114123007
MX I440   26264       CHKCLM: Calm Hour Identified in Meteorology Data File at     2114123008
MX I440   26265       CHKCLM: Calm Hour Identified in Meteorology Data File at     2114123009
MX I460   26297  SET_METDATA: Missing Hour Identified in Meteor. Data File at      2114123117
MX I460   26298  SET_METDATA: Missing Hour Identified in Meteor. Data File at      2114123118
MX I460   26299  SET_METDATA: Missing Hour Identified in Meteor. Data File at      2114123119
MX I460   26300  SET_METDATA: Missing Hour Identified in Meteor. Data File at      2114123120
MX I460   26301  SET_METDATA: Missing Hour Identified in Meteor. Data File at      2114123121
MX I460   26302  SET_METDATA: Missing Hour Identified in Meteor. Data File at      2114123122
MX I460   26303  SET_METDATA: Missing Hour Identified in Meteor. Data File at      2114123123
MX I460   26304  SET_METDATA: Missing Hour Identified in Meteor. Data File at      2114123124
MX I440   26323       CHKCLM: Calm Hour Identified in Meteorology Data File at     2015010119
MX I440   26324       CHKCLM: Calm Hour Identified in Meteorology Data File at     2015010120
MX I440   26325       CHKCLM: Calm Hour Identified in Meteorology Data File at     2015010121
MX I440   26326       CHKCLM: Calm Hour Identified in Meteorology Data File at     2015010122
MX I440   26327       CHKCLM: Calm Hour Identified in Meteorology Data File at     2015010123
MX I440   26328       CHKCLM: Calm Hour Identified in Meteorology Data File at     2015010124
MX I440   26329       CHKCLM: Calm Hour Identified in Meteorology Data File at     2015010201
MX I440   26330       CHKCLM: Calm Hour Identified in Meteorology Data File at     2015010202
MX I440   26332       CHKCLM: Calm Hour Identified in Meteorology Data File at     2015010204
MX I440   26333       CHKCLM: Calm Hour Identified in Meteorology Data File at     2015010205
MX I440   26334       CHKCLM: Calm Hour Identified in Meteorology Data File at     2015010206
MX I440   26335       CHKCLM: Calm Hour Identified in Meteorology Data File at     2015010207
MX I440   26336       CHKCLM: Calm Hour Identified in Meteorology Data File at     2015010208
MX I440   26337       CHKCLM: Calm Hour Identified in Meteorology Data File at     2015010209
MX I440   26338       CHKCLM: Calm Hour Identified in Meteorology Data File at     2015010210
MX I440   26339       CHKCLM: Calm Hour Identified in Meteorology Data File at     2015010211
MX I460   26340  SET_METDATA: Missing Hour Identified in Meteor. Data File at      2015010212
MX I440   26733       CHKCLM: Calm Hour Identified in Meteorology Data File at     2015011821
MX I440   26734       CHKCLM: Calm Hour Identified in Meteorology Data File at     2015011822
MX I440   26735       CHKCLM: Calm Hour Identified in Meteorology Data File at     2015011823
MX I440   26736       CHKCLM: Calm Hour Identified in Meteorology Data File at     2015011824
MX I440   26737       CHKCLM: Calm Hour Identified in Meteorology Data File at     2015011901
MX I440   26738       CHKCLM: Calm Hour Identified in Meteorology Data File at     2015011902
MX I440   26739       CHKCLM: Calm Hour Identified in Meteorology Data File at     2015011903
MX I440   26994       CHKCLM: Calm Hour Identified in Meteorology Data File at     2015012918
MX I440   26995       CHKCLM: Calm Hour Identified in Meteorology Data File at     2015012919
MX I440   26996       CHKCLM: Calm Hour Identified in Meteorology Data File at     2015012920
MX I440   26998       CHKCLM: Calm Hour Identified in Meteorology Data File at     2015012922
MX I440   27117       CHKCLM: Calm Hour Identified in Meteorology Data File at     2015020321
MX I440   27121       CHKCLM: Calm Hour Identified in Meteorology Data File at     2015020401
MX I440   27123       CHKCLM: Calm Hour Identified in Meteorology Data File at     2015020403
MX I440   27142       CHKCLM: Calm Hour Identified in Meteorology Data File at     2015020422
MX I440   27143       CHKCLM: Calm Hour Identified in Meteorology Data File at     2015020423
MX I440   27144       CHKCLM: Calm Hour Identified in Meteorology Data File at     2015020424
MX I440   27145       CHKCLM: Calm Hour Identified in Meteorology Data File at     2015020501
MX I440   27146       CHKCLM: Calm Hour Identified in Meteorology Data File at     2015020502
MX I440   27147       CHKCLM: Calm Hour Identified in Meteorology Data File at     2015020503
MX I460   27201  SET_METDATA: Missing Hour Identified in Meteor. Data File at      2015020709
MX I460   27202  SET_METDATA: Missing Hour Identified in Meteor. Data File at      2015020710
MX I460   27203  SET_METDATA: Missing Hour Identified in Meteor. Data File at      2015020711
MX I460   27204  SET_METDATA: Missing Hour Identified in Meteor. Data File at      2015020712
MX I460   27205  SET_METDATA: Missing Hour Identified in Meteor. Data File at      2015020713
MX I460   27206  SET_METDATA: Missing Hour Identified in Meteor. Data File at      2015020714
MX I460   27207  SET_METDATA: Missing Hour Identified in Meteor. Data File at      2015020715
MX I460   27208  SET_METDATA: Missing Hour Identified in Meteor. Data File at      2015020716
MX I440   27816       CHKCLM: Calm Hour Identified in Meteorology Data File at     2015030424
MX I440   27911       CHKCLM: Calm Hour Identified in Meteorology Data File at     2015030823
MX I440   27912       CHKCLM: Calm Hour Identified in Meteorology Data File at     2015030824
MX I440   28060       CHKCLM: Calm Hour Identified in Meteorology Data File at     2015031504
MX I440   28061       CHKCLM: Calm Hour Identified in Meteorology Data File at     2015031505
MX I440   28063       CHKCLM: Calm Hour Identified in Meteorology Data File at     2015031507
MX I440   28066       CHKCLM: Calm Hour Identified in Meteorology Data File at     2015031510
MX I440   28067       CHKCLM: Calm Hour Identified in Meteorology Data File at     2015031511
MX I440   28441       CHKCLM: Calm Hour Identified in Meteorology Data File at     2015033101
MX I440   28442       CHKCLM: Calm Hour Identified in Meteorology Data File at     2015033102
MX I440   28444       CHKCLM: Calm Hour Identified in Meteorology Data File at     2015033104
MX I460   28447  SET_METDATA: Missing Hour Identified in Meteor. Data File at      2015033107
MX I440   28495       CHKCLM: Calm Hour Identified in Meteorology Data File at     2015040207
MX I440   28496       CHKCLM: Calm Hour Identified in Meteorology Data File at     2015040208
MX I440   28497       CHKCLM: Calm Hour Identified in Meteorology Data File at     2015040209
MX I440   29093       CHKCLM: Calm Hour Identified in Meteorology Data File at     2015042705
MX I440   29094       CHKCLM: Calm Hour Identified in Meteorology Data File at     2015042706
MX I440   29095       CHKCLM: Calm Hour Identified in Meteorology Data File at     2015042707
MX I440   29096       CHKCLM: Calm Hour Identified in Meteorology Data File at     2015042708
MX I440   29097       CHKCLM: Calm Hour Identified in Meteorology Data File at     2015042709
MX I460   29099  SET_METDATA: Missing Hour Identified in Meteor. Data File at      2015042711
MX I440   29158       CHKCLM: Calm Hour Identified in Meteorology Data File at     2015042922
MX I440   29162       CHKCLM: Calm Hour Identified in Meteorology Data File at     2015043002
MX I440   29164       CHKCLM: Calm Hour Identified in Meteorology Data File at     2015043004
MX I440   29165       CHKCLM: Calm Hour Identified in Meteorology Data File at     2015043005
MX I440   29166       CHKCLM: Calm Hour Identified in Meteorology Data File at     2015043006
MX I440   29303       CHKCLM: Calm Hour Identified in Meteorology Data File at     2015050523
MX I440   29304       CHKCLM: Calm Hour Identified in Meteorology Data File at     2015050524
MX I440   29307       CHKCLM: Calm Hour Identified in Meteorology Data File at     2015050603
MX I440   29308       CHKCLM: Calm Hour Identified in Meteorology Data File at     2015050604
MX I440   29309       CHKCLM: Calm Hour Identified in Meteorology Data File at     2015050605
MX I440   29311       CHKCLM: Calm Hour Identified in Meteorology Data File at     2015050607
MX I440   29379       CHKCLM: Calm Hour Identified in Meteorology Data File at     2015050903
MX I440   29380       CHKCLM: Calm Hour Identified in Meteorology Data File at     2015050904
MX I440   29381       CHKCLM: Calm Hour Identified in Meteorology Data File at     2015050905
MX I440   29382       CHKCLM: Calm Hour Identified in Meteorology Data File at     2015050906
MX I440   29384       CHKCLM: Calm Hour Identified in Meteorology Data File at     2015050908
MX I460   29386  SET_METDATA: Missing Hour Identified in Meteor. Data File at      2015050910
MX I460   29391  SET_METDATA: Missing Hour Identified in Meteor. Data File at      2015050915
MX I460   29392  SET_METDATA: Missing Hour Identified in Meteor. Data File at      2015050916
MX I460   29407  SET_METDATA: Missing Hour Identified in Meteor. Data File at      2015051007
MX I460   29408  SET_METDATA: Missing Hour Identified in Meteor. Data File at      2015051008
MX I460   29409  SET_METDATA: Missing Hour Identified in Meteor. Data File at      2015051009
MX I460   29410  SET_METDATA: Missing Hour Identified in Meteor. Data File at      2015051010
MX I460   29411  SET_METDATA: Missing Hour Identified in Meteor. Data File at      2015051011
MX I460   29412  SET_METDATA: Missing Hour Identified in Meteor. Data File at      2015051012
MX I460   29413  SET_METDATA: Missing Hour Identified in Meteor. Data File at      2015051013
MX I460   29414  SET_METDATA: Missing Hour Identified in Meteor. Data File at      2015051014
MX I460   29415  SET_METDATA: Missing Hour Identified in Meteor. Data File at      2015051015
MX I460   29416  SET_METDATA: Missing Hour Identified in Meteor. Data File at      2015051016
MX I460   29417  SET_METDATA: Missing Hour Identified in Meteor. Data File at      2015051017
MX I460   29418  SET_METDATA: Missing Hour Identified in Meteor. Data File at      2015051018
MX I440   29423       CHKCLM: Calm Hour Identified in Meteorology Data File at     2015051023
MX I440   29424       CHKCLM: Calm Hour Identified in Meteorology Data File at     2015051024
MX I440   29425       CHKCLM: Calm Hour Identified in Meteorology Data File at     2015051101
MX I440   29426       CHKCLM: Calm Hour Identified in Meteorology Data File at     2015051102
MX I440   29427       CHKCLM: Calm Hour Identified in Meteorology Data File at     2015051103
MX I440   29428       CHKCLM: Calm Hour Identified in Meteorology Data File at     2015051104
MX I440   29429       CHKCLM: Calm Hour Identified in Meteorology Data File at     2015051105
MX I440   29447       CHKCLM: Calm Hour Identified in Meteorology Data File at     2015051123
MX I440   29448       CHKCLM: Calm Hour Identified in Meteorology Data File at     2015051124
MX I440   29521       CHKCLM: Calm Hour Identified in Meteorology Data File at     2015051501
MX I440   29522       CHKCLM: Calm Hour Identified in Meteorology Data File at     2015051502
MX I440   29525       CHKCLM: Calm Hour Identified in Meteorology Data File at     2015051505
MX I440   29526       CHKCLM: Calm Hour Identified in Meteorology Data File at     2015051506
MX I440   29527       CHKCLM: Calm Hour Identified in Meteorology Data File at     2015051507
MX I440   29665       CHKCLM: Calm Hour Identified in Meteorology Data File at     2015052101
MX I440   29666       CHKCLM: Calm Hour Identified in Meteorology Data File at     2015052102
MX I440   29668       CHKCLM: Calm Hour Identified in Meteorology Data File at     2015052104
MX I440   29672       CHKCLM: Calm Hour Identified in Meteorology Data File at     2015052108
MX I460   29798  SET_METDATA: Missing Hour Identified in Meteor. Data File at      2015052614
MX I460   29953  SET_METDATA: Missing Hour Identified in Meteor. Data File at      2015060201
MX I440   29954       CHKCLM: Calm Hour Identified in Meteorology Data File at     2015060202
MX I440   29955       CHKCLM: Calm Hour Identified in Meteorology Data File at     2015060203
MX I440   29956       CHKCLM: Calm Hour Identified in Meteorology Data File at     2015060204
MX I440   29957       CHKCLM: Calm Hour Identified in Meteorology Data File at     2015060205
MX I440   29958       CHKCLM: Calm Hour Identified in Meteorology Data File at     2015060206
MX I460   29960  SET_METDATA: Missing Hour Identified in Meteor. Data File at      2015060208
MX I440   30504       CHKCLM: Calm Hour Identified in Meteorology Data File at     2015062424
MX I440   30505       CHKCLM: Calm Hour Identified in Meteorology Data File at     2015062501
MX I440   30506       CHKCLM: Calm Hour Identified in Meteorology Data File at     2015062502
MX I440   30507       CHKCLM: Calm Hour Identified in Meteorology Data File at     2015062503
MX I440   30508       CHKCLM: Calm Hour Identified in Meteorology Data File at     2015062504
MX I440   30509       CHKCLM: Calm Hour Identified in Meteorology Data File at     2015062505
MX I440   30510       CHKCLM: Calm Hour Identified in Meteorology Data File at     2015062506
MX I460   30946  SET_METDATA: Missing Hour Identified in Meteor. Data File at      2015071310
MX I440   31395       CHKCLM: Calm Hour Identified in Meteorology Data File at     2015080103
MX I440   31396       CHKCLM: Calm Hour Identified in Meteorology Data File at     2015080104
MX I440   31397       CHKCLM: Calm Hour Identified in Meteorology Data File at     2015080105
MX I440   31399       CHKCLM: Calm Hour Identified in Meteorology Data File at     2015080107
MX I460   31400  SET_METDATA: Missing Hour Identified in Meteor. Data File at      2015080108
MX I440   31408       CHKCLM: Calm Hour Identified in Meteorology Data File at     2015080116
MX I440   31414       CHKCLM: Calm Hour Identified in Meteorology Data File at     2015080122
MX I440   31415       CHKCLM: Calm Hour Identified in Meteorology Data File at     2015080123
MX I440   31416       CHKCLM: Calm Hour Identified in Meteorology Data File at     2015080124
MX I440   31417       CHKCLM: Calm Hour Identified in Meteorology Data File at     2015080201
MX I440   31658       CHKCLM: Calm Hour Identified in Meteorology Data File at     2015081202
MX I440   31659       CHKCLM: Calm Hour Identified in Meteorology Data File at     2015081203
MX I440   31660       CHKCLM: Calm Hour Identified in Meteorology Data File at     2015081204
MX I440   31661       CHKCLM: Calm Hour Identified in Meteorology Data File at     2015081205
MX I440   31664       CHKCLM: Calm Hour Identified in Meteorology Data File at     2015081208
MX I440   31665       CHKCLM: Calm Hour Identified in Meteorology Data File at     2015081209
MX I440   31756       CHKCLM: Calm Hour Identified in Meteorology Data File at     2015081604
MX I440   31757       CHKCLM: Calm Hour Identified in Meteorology Data File at     2015081605
MX I440   31758       CHKCLM: Calm Hour Identified in Meteorology Data File at     2015081606
MX I440   31759       CHKCLM: Calm Hour Identified in Meteorology Data File at     2015081607
MX I440   31762       CHKCLM: Calm Hour Identified in Meteorology Data File at     2015081610
MX I440   31873       CHKCLM: Calm Hour Identified in Meteorology Data File at     2015082101
MX I460   31874  SET_METDATA: Missing Hour Identified in Meteor. Data File at      2015082102
MX I440   31876       CHKCLM: Calm Hour Identified in Meteorology Data File at     2015082104
MX I440   31877       CHKCLM: Calm Hour Identified in Meteorology Data File at     2015082105
MX I460   32336  SET_METDATA: Missing Hour Identified in Meteor. Data File at      2015090908
MX I440   32337       CHKCLM: Calm Hour Identified in Meteorology Data File at     2015090909
MX I440   33135       CHKCLM: Calm Hour Identified in Meteorology Data File at     2015101215
MX I440   34053       CHKCLM: Calm Hour Identified in Meteorology Data File at     2015111921
MX I440   34055       CHKCLM: Calm Hour Identified in Meteorology Data File at     2015111923
MX I440   34057       CHKCLM: Calm Hour Identified in Meteorology Data File at     2015112001
MX I440   34059       CHKCLM: Calm Hour Identified in Meteorology Data File at     2015112003
MX I440   34060       CHKCLM: Calm Hour Identified in Meteorology Data File at     2015112004
MX I440   34061       CHKCLM: Calm Hour Identified in Meteorology Data File at     2015112005
MX I440   34062       CHKCLM: Calm Hour Identified in Meteorology Data File at     2015112006
MX I440   34063       CHKCLM: Calm Hour Identified in Meteorology Data File at     2015112007
MX I440   34064       CHKCLM: Calm Hour Identified in Meteorology Data File at     2015112008
MX I440   34065       CHKCLM: Calm Hour Identified in Meteorology Data File at     2015112009
MX I440   34066       CHKCLM: Calm Hour Identified in Meteorology Data File at     2015112010
MX I460   34068  SET_METDATA: Missing Hour Identified in Meteor. Data File at      2015112012
MX I440   34069       CHKCLM: Calm Hour Identified in Meteorology Data File at     2015112013
MX I440   34074       CHKCLM: Calm Hour Identified in Meteorology Data File at     2015112018
MX I440   34230       CHKCLM: Calm Hour Identified in Meteorology Data File at     2015112706
MX I460   34234  SET_METDATA: Missing Hour Identified in Meteor. Data File at      2015112710
MX I460   34238  SET_METDATA: Missing Hour Identified in Meteor. Data File at      2015112714
MX I440   34371       CHKCLM: Calm Hour Identified in Meteorology Data File at     2015120303
MX I440   34373       CHKCLM: Calm Hour Identified in Meteorology Data File at     2015120305
MX I440   34374       CHKCLM: Calm Hour Identified in Meteorology Data File at     2015120306
MX I440   34375       CHKCLM: Calm Hour Identified in Meteorology Data File at     2015120307
MX I440   34377       CHKCLM: Calm Hour Identified in Meteorology Data File at     2015120309
MX I440   34378       CHKCLM: Calm Hour Identified in Meteorology Data File at     2015120310
MX I440   34439       CHKCLM: Calm Hour Identified in Meteorology Data File at     2015120523
MX I440   34440       CHKCLM: Calm Hour Identified in Meteorology Data File at     2015120524
MX I440   34441       CHKCLM: Calm Hour Identified in Meteorology Data File at     2015120601
MX I440   34442       CHKCLM: Calm Hour Identified in Meteorology Data File at     2015120602
MX I440   34453       CHKCLM: Calm Hour Identified in Meteorology Data File at     2015120613
MX I440   34454       CHKCLM: Calm Hour Identified in Meteorology Data File at     2015120614
MX I460   34555  SET_METDATA: Missing Hour Identified in Meteor. Data File at      2015121019
MX I440   34784       CHKCLM: Calm Hour Identified in Meteorology Data File at     2015122008
MX I440   34785       CHKCLM: Calm Hour Identified in Meteorology Data File at     2015122009
MX I440   34786       CHKCLM: Calm Hour Identified in Meteorology Data File at     2015122010
MX I440   34789       CHKCLM: Calm Hour Identified in Meteorology Data File at     2015122013
MX I440   34791       CHKCLM: Calm Hour Identified in Meteorology Data File at     2015122015
MX I460   35057  SET_METDATA: Missing Hour Identified in Meteor. Data File at      2015123117
MX I460   35058  SET_METDATA: Missing Hour Identified in Meteor. Data File at      2015123118
MX I460   35059  SET_METDATA: Missing Hour Identified in Meteor. Data File at      2015123119
MX I460   35060  SET_METDATA: Missing Hour Identified in Meteor. Data File at      2015123120
MX I460   35061  SET_METDATA: Missing Hour Identified in Meteor. Data File at      2015123121
MX I460   35062  SET_METDATA: Missing Hour Identified in Meteor. Data File at      2015123122
MX I460   35063  SET_METDATA: Missing Hour Identified in Meteor. Data File at      2015123123
MX I460   35064  SET_METDATA: Missing Hour Identified in Meteor. Data File at      2015123124
MX I440   35186       CHKCLM: Calm Hour Identified in Meteorology Data File at     2016010602
MX I440   35212       CHKCLM: Calm Hour Identified in Meteorology Data File at     2016010704
MX I440   35213       CHKCLM: Calm Hour Identified in Meteorology Data File at     2016010705
MX I460   35214  SET_METDATA: Missing Hour Identified in Meteor. Data File at      2016010706
MX I460   35215  SET_METDATA: Missing Hour Identified in Meteor. Data File at      2016010707
MX I460   35216  SET_METDATA: Missing Hour Identified in Meteor. Data File at      2016010708
MX I460   35217  SET_METDATA: Missing Hour Identified in Meteor. Data File at      2016010709
MX I460   35218  SET_METDATA: Missing Hour Identified in Meteor. Data File at      2016010710
MX I460   35219  SET_METDATA: Missing Hour Identified in Meteor. Data File at      2016010711
MX I460   35220  SET_METDATA: Missing Hour Identified in Meteor. Data File at      2016010712
MX I460   35221  SET_METDATA: Missing Hour Identified in Meteor. Data File at      2016010713
MX I460   35222  SET_METDATA: Missing Hour Identified in Meteor. Data File at      2016010714
MX I460   35223  SET_METDATA: Missing Hour Identified in Meteor. Data File at      2016010715
MX I460   35224  SET_METDATA: Missing Hour Identified in Meteor. Data File at      2016010716
MX I440   35324       CHKCLM: Calm Hour Identified in Meteorology Data File at     2016011120
MX I440   35325       CHKCLM: Calm Hour Identified in Meteorology Data File at     2016011121
MX I440   35326       CHKCLM: Calm Hour Identified in Meteorology Data File at     2016011122
MX I440   35328       CHKCLM: Calm Hour Identified in Meteorology Data File at     2016011124
MX I440   35329       CHKCLM: Calm Hour Identified in Meteorology Data File at     2016011201
MX I440   35454       CHKCLM: Calm Hour Identified in Meteorology Data File at     2016011706
MX I440   35455       CHKCLM: Calm Hour Identified in Meteorology Data File at     2016011707
MX I440   35456       CHKCLM: Calm Hour Identified in Meteorology Data File at     2016011708
MX I440   35458       CHKCLM: Calm Hour Identified in Meteorology Data File at     2016011710
MX I460   35459  SET_METDATA: Missing Hour Identified in Meteor. Data File at      2016011711
MX I440   35460       CHKCLM: Calm Hour Identified in Meteorology Data File at     2016011712
MX I440   36440       CHKCLM: Calm Hour Identified in Meteorology Data File at     2016022708
MX I440   36441       CHKCLM: Calm Hour Identified in Meteorology Data File at     2016022709
MX I440   36442       CHKCLM: Calm Hour Identified in Meteorology Data File at     2016022710
MX I440   36443       CHKCLM: Calm Hour Identified in Meteorology Data File at     2016022711
MX I440   36451       CHKCLM: Calm Hour Identified in Meteorology Data File at     2016022719
MX I440   36452       CHKCLM: Calm Hour Identified in Meteorology Data File at     2016022720
MX I460   36800  SET_METDATA: Missing Hour Identified in Meteor. Data File at      2016031308
MX I460   36801  SET_METDATA: Missing Hour Identified in Meteor. Data File at      2016031309
MX I460   36802  SET_METDATA: Missing Hour Identified in Meteor. Data File at      2016031310
MX I460   36803  SET_METDATA: Missing Hour Identified in Meteor. Data File at      2016031311
MX I460   36804  SET_METDATA: Missing Hour Identified in Meteor. Data File at      2016031312
MX I460   36805  SET_METDATA: Missing Hour Identified in Meteor. Data File at      2016031313
MX I460   36806  SET_METDATA: Missing Hour Identified in Meteor. Data File at      2016031314
MX I460   36807  SET_METDATA: Missing Hour Identified in Meteor. Data File at      2016031315
MX I460   36808  SET_METDATA: Missing Hour Identified in Meteor. Data File at      2016031316
MX I460   36809  SET_METDATA: Missing Hour Identified in Meteor. Data File at      2016031317
MX I460   36824  SET_METDATA: Missing Hour Identified in Meteor. Data File at      2016031408
MX I460   36825  SET_METDATA: Missing Hour Identified in Meteor. Data File at      2016031409
MX I460   36826  SET_METDATA: Missing Hour Identified in Meteor. Data File at      2016031410
MX I460   36827  SET_METDATA: Missing Hour Identified in Meteor. Data File at      2016031411
MX I460   36828  SET_METDATA: Missing Hour Identified in Meteor. Data File at      2016031412
MX I460   36829  SET_METDATA: Missing Hour Identified in Meteor. Data File at      2016031413
MX I460   36830  SET_METDATA: Missing Hour Identified in Meteor. Data File at      2016031414
MX I460   36831  SET_METDATA: Missing Hour Identified in Meteor. Data File at      2016031415
MX I460   36832  SET_METDATA: Missing Hour Identified in Meteor. Data File at      2016031416
MX I460   36833  SET_METDATA: Missing Hour Identified in Meteor. Data File at      2016031417
MX I460   36921  SET_METDATA: Missing Hour Identified in Meteor. Data File at      2016031809
MX I460   36923  SET_METDATA: Missing Hour Identified in Meteor. Data File at      2016031811
MX I440   37406       CHKCLM: Calm Hour Identified in Meteorology Data File at     2016040714
MX I440   37408       CHKCLM: Calm Hour Identified in Meteorology Data File at     2016040716
MX I440   37534       CHKCLM: Calm Hour Identified in Meteorology Data File at     2016041222
MX I460   38369  SET_METDATA: Missing Hour Identified in Meteor. Data File at      2016051717
MX I460   38373  SET_METDATA: Missing Hour Identified in Meteor. Data File at      2016051721
MX I440   38377       CHKCLM: Calm Hour Identified in Meteorology Data File at     2016051801
MX I460   38384  SET_METDATA: Missing Hour Identified in Meteor. Data File at      2016051808
MX I440   38387       CHKCLM: Calm Hour Identified in Meteorology Data File at     2016051811
MX I440   38397       CHKCLM: Calm Hour Identified in Meteorology Data File at     2016051821
MX I460   38399  SET_METDATA: Missing Hour Identified in Meteor. Data File at      2016051823
MX I460   38410  SET_METDATA: Missing Hour Identified in Meteor. Data File at      2016051910
MX I460   38413  SET_METDATA: Missing Hour Identified in Meteor. Data File at      2016051913
MX I460   38536  SET_METDATA: Missing Hour Identified in Meteor. Data File at      2016052416
MX I440   39366       CHKCLM: Calm Hour Identified in Meteorology Data File at     2016062806
MX I460   39372  SET_METDATA: Missing Hour Identified in Meteor. Data File at      2016062812
MX I460   39373  SET_METDATA: Missing Hour Identified in Meteor. Data File at      2016062813
MX I460   39497  SET_METDATA: Missing Hour Identified in Meteor. Data File at      2016070317
MX I440   39655       CHKCLM: Calm Hour Identified in Meteorology Data File at     2016071007
MX I460   39656  SET_METDATA: Missing Hour Identified in Meteor. Data File at      2016071008
MX I460   40399  SET_METDATA: Missing Hour Identified in Meteor. Data File at      2016081007
MX I460   40400  SET_METDATA: Missing Hour Identified in Meteor. Data File at      2016081008
MX I460   40401  SET_METDATA: Missing Hour Identified in Meteor. Data File at      2016081009
MX I460   40402  SET_METDATA: Missing Hour Identified in Meteor. Data File at      2016081010
MX I460   40403  SET_METDATA: Missing Hour Identified in Meteor. Data File at      2016081011
MX I460   40404  SET_METDATA: Missing Hour Identified in Meteor. Data File at      2016081012
MX I460   40405  SET_METDATA: Missing Hour Identified in Meteor. Data File at      2016081013
MX I460   40406  SET_METDATA: Missing Hour Identified in Meteor. Data File at      2016081014
MX I460   40407  SET_METDATA: Missing Hour Identified in Meteor. Data File at      2016081015
MX I460   40408  SET_METDATA: Missing Hour Identified in Meteor. Data File at      2016081016
MX I460   40409  SET_METDATA: Missing Hour Identified in Meteor. Data File at      2016081017
MX I460   40410  SET_METDATA: Missing Hour Identified in Meteor. Data File at      2016081018
MX I440   40415       CHKCLM: Calm Hour Identified in Meteorology Data File at     2016081023
MX I440   40416       CHKCLM: Calm Hour Identified in Meteorology Data File at     2016081024
MX I440   40418       CHKCLM: Calm Hour Identified in Meteorology Data File at     2016081102
MX I460   40495  SET_METDATA: Missing Hour Identified in Meteor. Data File at      2016081407
MX I460   40496  SET_METDATA: Missing Hour Identified in Meteor. Data File at      2016081408
MX I460   40497  SET_METDATA: Missing Hour Identified in Meteor. Data File at      2016081409
MX I460   40498  SET_METDATA: Missing Hour Identified in Meteor. Data File at      2016081410
MX I460   40499  SET_METDATA: Missing Hour Identified in Meteor. Data File at      2016081411
MX I460   40500  SET_METDATA: Missing Hour Identified in Meteor. Data File at      2016081412
MX I460   40501  SET_METDATA: Missing Hour Identified in Meteor. Data File at      2016081413
MX I460   40502  SET_METDATA: Missing Hour Identified in Meteor. Data File at      2016081414
MX I460   40503  SET_METDATA: Missing Hour Identified in Meteor. Data File at      2016081415
MX I460   40504  SET_METDATA: Missing Hour Identified in Meteor. Data File at      2016081416
MX I460   40505  SET_METDATA: Missing Hour Identified in Meteor. Data File at      2016081417
MX I460   40506  SET_METDATA: Missing Hour Identified in Meteor. Data File at      2016081418
MX I440   41373       CHKCLM: Calm Hour Identified in Meteorology Data File at     2016091921
MX I440   41375       CHKCLM: Calm Hour Identified in Meteorology Data File at     2016091923
MX I460   41641  SET_METDATA: Missing Hour Identified in Meteor. Data File at      2016100101
MX I460   41642  SET_METDATA: Missing Hour Identified in Meteor. Data File at      2016100102
MX I460   41643  SET_METDATA: Missing Hour Identified in Meteor. Data File at      2016100103
MX I460   41644  SET_METDATA: Missing Hour Identified in Meteor. Data File at      2016100104
MX I460   41645  SET_METDATA: Missing Hour Identified in Meteor. Data File at      2016100105
MX I460   41646  SET_METDATA: Missing Hour Identified in Meteor. Data File at      2016100106
MX I440   41931       CHKCLM: Calm Hour Identified in Meteorology Data File at     2016101303
MX I440   42220       CHKCLM: Calm Hour Identified in Meteorology Data File at     2016102504
MX I440   42748       CHKCLM: Calm Hour Identified in Meteorology Data File at     2016111604
MX I440   42749       CHKCLM: Calm Hour Identified in Meteorology Data File at     2016111605
MX I440   42750       CHKCLM: Calm Hour Identified in Meteorology Data File at     2016111606
MX I440   42753       CHKCLM: Calm Hour Identified in Meteorology Data File at     2016111609
MX I460   42755  SET_METDATA: Missing Hour Identified in Meteor. Data File at      2016111611
MX I460   42756  SET_METDATA: Missing Hour Identified in Meteor. Data File at      2016111612
MX I460   42757  SET_METDATA: Missing Hour Identified in Meteor. Data File at      2016111613
MX I440   42781       CHKCLM: Calm Hour Identified in Meteorology Data File at     2016111713
MX I440   42782       CHKCLM: Calm Hour Identified in Meteorology Data File at     2016111714
MX I440   42803       CHKCLM: Calm Hour Identified in Meteorology Data File at     2016111811
MX I460   42804  SET_METDATA: Missing Hour Identified in Meteor. Data File at      2016111812
MX I440   43039       CHKCLM: Calm Hour Identified in Meteorology Data File at     2016112807
MX I440   43040       CHKCLM: Calm Hour Identified in Meteorology Data File at     2016112808
MX I460   43043  SET_METDATA: Missing Hour Identified in Meteor. Data File at      2016112811
MX I440   43126       CHKCLM: Calm Hour Identified in Meteorology Data File at     2016120122
MX I440   43127       CHKCLM: Calm Hour Identified in Meteorology Data File at     2016120123
MX I440   43128       CHKCLM: Calm Hour Identified in Meteorology Data File at     2016120124
MX I440   43129       CHKCLM: Calm Hour Identified in Meteorology Data File at     2016120201
MX I440   43130       CHKCLM: Calm Hour Identified in Meteorology Data File at     2016120202
MX I440   43131       CHKCLM: Calm Hour Identified in Meteorology Data File at     2016120203
MX I440   43132       CHKCLM: Calm Hour Identified in Meteorology Data File at     2016120204
MX I440   43133       CHKCLM: Calm Hour Identified in Meteorology Data File at     2016120205
MX I440   43149       CHKCLM: Calm Hour Identified in Meteorology Data File at     2016120221
MX I460   43150  SET_METDATA: Missing Hour Identified in Meteor. Data File at      2016120222
MX I440   43154       CHKCLM: Calm Hour Identified in Meteorology Data File at     2016120302
MX I440   43155       CHKCLM: Calm Hour Identified in Meteorology Data File at     2016120303
MX I440   43156       CHKCLM: Calm Hour Identified in Meteorology Data File at     2016120304
MX I440   43460       CHKCLM: Calm Hour Identified in Meteorology Data File at     2016121520
MX I440   43627       CHKCLM: Calm Hour Identified in Meteorology Data File at     2016122219
MX I440   43628       CHKCLM: Calm Hour Identified in Meteorology Data File at     2016122220
MX I440   43629       CHKCLM: Calm Hour Identified in Meteorology Data File at     2016122221
MX I440   43630       CHKCLM: Calm Hour Identified in Meteorology Data File at     2016122222
MX I440   43631       CHKCLM: Calm Hour Identified in Meteorology Data File at     2016122223
MX I440   43689       CHKCLM: Calm Hour Identified in Meteorology Data File at     2016122509
MX I440   43691       CHKCLM: Calm Hour Identified in Meteorology Data File at     2016122511
MX I460   43841  SET_METDATA: Missing Hour Identified in Meteor. Data File at      2016123117
MX I460   43842  SET_METDATA: Missing Hour Identified in Meteor. Data File at      2016123118
MX I460   43843  SET_METDATA: Missing Hour Identified in Meteor. Data File at      2016123119
MX I460   43844  SET_METDATA: Missing Hour Identified in Meteor. Data File at      2016123120
MX I460   43845  SET_METDATA: Missing Hour Identified in Meteor. Data File at      2016123121
MX I460   43846  SET_METDATA: Missing Hour Identified in Meteor. Data File at      2016123122
MX I460   43847  SET_METDATA: Missing Hour Identified in Meteor. Data File at      2016123123
MX I460   43848  SET_METDATA: Missing Hour Identified in Meteor. Data File at      2016123124
